{"/Users/salemduy/Documents/workspace/VSeeCodingChallenge/src/actions/api.actions.js": {"path":"/Users/salemduy/Documents/workspace/VSeeCodingChallenge/src/actions/api.actions.js","statementMap":{"0":{"start":{"line":1,"column":43},"end":{"line":1,"column":99}},"1":{"start":{"line":1,"column":100},"end":{"line":1,"column":162}},"2":{"start":{"line":1,"column":162},"end":{"line":1,"column":188}},"3":{"start":{"line":1,"column":188},"end":{"line":1,"column":224}},"4":{"start":{"line":1,"column":236},"end":{"line":1,"column":279}},"5":{"start":{"line":5,"column":2},"end":{"line":7,"column":25}},"6":{"start":{"line":13,"column":2},"end":{"line":15,"column":19}}},"fnMap":{"0":{"name":"getNews","decl":{"start":{"line":4,"column":9},"end":{"line":4,"column":16}},"loc":{"start":{"line":4,"column":27},"end":{"line":9,"column":1}},"line":4},"1":{"name":"getNewsError","decl":{"start":{"line":12,"column":9},"end":{"line":12,"column":21}},"loc":{"start":{"line":12,"column":29},"end":{"line":17,"column":1}},"line":12}},"branchMap":{},"s":{"0":1,"1":1,"2":1,"3":1,"4":1,"5":2,"6":0},"f":{"0":2,"1":0},"b":{},"inputSourceMap":null,"_coverageSchema":"1a1c01bbd47fc00a2c39e90264f33305004495a9","hash":"9a4c0de2757cdc0456886e8e65a031e3a9b63983"}
,"/Users/salemduy/Documents/workspace/VSeeCodingChallenge/src/actions/index.js": {"path":"/Users/salemduy/Documents/workspace/VSeeCodingChallenge/src/actions/index.js","statementMap":{"0":{"start":{"line":1,"column":43},"end":{"line":1,"column":99}},"1":{"start":{"line":1,"column":129},"end":{"line":1,"column":184}},"2":{"start":{"line":1,"column":185},"end":{"line":1,"column":247}},"3":{"start":{"line":1,"column":247},"end":{"line":1,"column":272}},"4":{"start":{"line":1,"column":295},"end":{"line":1,"column":367}},"5":{"start":{"line":1,"column":385},"end":{"line":1,"column":434}},"6":{"start":{"line":1,"column":488},"end":{"line":1,"column":507}},"7":{"start":{"line":1,"column":508},"end":{"line":1,"column":753}},"8":{"start":{"line":1,"column":557},"end":{"line":1,"column":593}},"9":{"start":{"line":1,"column":594},"end":{"line":1,"column":721}},"10":{"start":{"line":1,"column":614},"end":{"line":1,"column":721}},"11":{"start":{"line":1,"column":655},"end":{"line":1,"column":718}},"12":{"start":{"line":1,"column":721},"end":{"line":1,"column":752}},"13":{"start":{"line":1,"column":753},"end":{"line":1,"column":765}},"14":{"start":{"line":1,"column":798},"end":{"line":1,"column":1283}},"15":{"start":{"line":1,"column":811},"end":{"line":1,"column":812}},"16":{"start":{"line":1,"column":855},"end":{"line":1,"column":895}},"17":{"start":{"line":1,"column":896},"end":{"line":1,"column":1282}},"18":{"start":{"line":1,"column":908},"end":{"line":1,"column":1021}},"19":{"start":{"line":1,"column":962},"end":{"line":1,"column":1018}},"20":{"start":{"line":1,"column":1028},"end":{"line":1,"column":1282}},"21":{"start":{"line":1,"column":1067},"end":{"line":1,"column":1141}},"22":{"start":{"line":1,"column":1149},"end":{"line":1,"column":1281}},"23":{"start":{"line":1,"column":1197},"end":{"line":1,"column":1278}},"24":{"start":{"line":1,"column":1283},"end":{"line":1,"column":1297}},"25":{"start":{"line":1,"column":1313},"end":{"line":3,"column":11}},"26":{"start":{"line":3,"column":12},"end":{"line":3,"column":39}}},"fnMap":{"0":{"name":"ownKeys","decl":{"start":{"line":1,"column":444},"end":{"line":1,"column":451}},"loc":{"start":{"line":1,"column":476},"end":{"line":1,"column":766}},"line":1},"1":{"name":"(anonymous_1)","decl":{"start":{"line":1,"column":639},"end":{"line":1,"column":640}},"loc":{"start":{"line":1,"column":654},"end":{"line":1,"column":719}},"line":1},"2":{"name":"_objectSpread","decl":{"start":{"line":1,"column":775},"end":{"line":1,"column":788}},"loc":{"start":{"line":1,"column":797},"end":{"line":1,"column":1298}},"line":1},"3":{"name":"(anonymous_3)","decl":{"start":{"line":1,"column":946},"end":{"line":1,"column":947}},"loc":{"start":{"line":1,"column":961},"end":{"line":1,"column":1019}},"line":1},"4":{"name":"(anonymous_4)","decl":{"start":{"line":1,"column":1181},"end":{"line":1,"column":1182}},"loc":{"start":{"line":1,"column":1196},"end":{"line":1,"column":1279}},"line":1}},"branchMap":{"0":{"loc":{"start":{"line":1,"column":508},"end":{"line":1,"column":753}},"type":"if","locations":[{"start":{"line":1,"column":508},"end":{"line":1,"column":753}},{"start":{"line":1,"column":508},"end":{"line":1,"column":753}}],"line":1},"1":{"loc":{"start":{"line":1,"column":594},"end":{"line":1,"column":721}},"type":"if","locations":[{"start":{"line":1,"column":594},"end":{"line":1,"column":721}},{"start":{"line":1,"column":594},"end":{"line":1,"column":721}}],"line":1},"2":{"loc":{"start":{"line":1,"column":855},"end":{"line":1,"column":895}},"type":"cond-expr","locations":[{"start":{"line":1,"column":878},"end":{"line":1,"column":890}},{"start":{"line":1,"column":893},"end":{"line":1,"column":895}}],"line":1},"3":{"loc":{"start":{"line":1,"column":896},"end":{"line":1,"column":1282}},"type":"if","locations":[{"start":{"line":1,"column":896},"end":{"line":1,"column":1282}},{"start":{"line":1,"column":896},"end":{"line":1,"column":1282}}],"line":1},"4":{"loc":{"start":{"line":1,"column":1028},"end":{"line":1,"column":1282}},"type":"if","locations":[{"start":{"line":1,"column":1028},"end":{"line":1,"column":1282}},{"start":{"line":1,"column":1028},"end":{"line":1,"column":1282}}],"line":1}},"s":{"0":1,"1":1,"2":1,"3":1,"4":1,"5":1,"6":1,"7":1,"8":1,"9":1,"10":1,"11":0,"12":1,"13":1,"14":1,"15":1,"16":1,"17":1,"18":1,"19":2,"20":0,"21":0,"22":0,"23":0,"24":1,"25":1,"26":1},"f":{"0":1,"1":0,"2":1,"3":2,"4":0},"b":{"0":[1,0],"1":[1,0],"2":[1,0],"3":[1,0],"4":[0,0]},"inputSourceMap":null,"_coverageSchema":"1a1c01bbd47fc00a2c39e90264f33305004495a9","hash":"00c4c3267264c7626e7a0760276eda1d3745a777"}
,"/Users/salemduy/Documents/workspace/VSeeCodingChallenge/src/actions/types.js": {"path":"/Users/salemduy/Documents/workspace/VSeeCodingChallenge/src/actions/types.js","statementMap":{"0":{"start":{"line":1,"column":13},"end":{"line":1,"column":75}},"1":{"start":{"line":1,"column":75},"end":{"line":1,"column":126}},"2":{"start":{"line":1,"column":141},"end":{"line":1,"column":151}},"3":{"start":{"line":1,"column":152},"end":{"line":1,"column":180}},"4":{"start":{"line":2,"column":21},"end":{"line":2,"column":37}},"5":{"start":{"line":2,"column":38},"end":{"line":2,"column":78}}},"fnMap":{},"branchMap":{},"s":{"0":1,"1":1,"2":1,"3":1,"4":1,"5":1},"f":{},"b":{},"inputSourceMap":null,"_coverageSchema":"1a1c01bbd47fc00a2c39e90264f33305004495a9","hash":"1fa258836033cbc50a87e3b2ecfc687336a3cc50"}
,"/Users/salemduy/Documents/workspace/VSeeCodingChallenge/src/components/BackIcon.js": {"path":"/Users/salemduy/Documents/workspace/VSeeCodingChallenge/src/components/BackIcon.js","statementMap":{"0":{"start":{"line":1,"column":42},"end":{"line":1,"column":97}},"1":{"start":{"line":1,"column":98},"end":{"line":1,"column":160}},"2":{"start":{"line":1,"column":160},"end":{"line":1,"column":187}},"3":{"start":{"line":1,"column":203},"end":{"line":1,"column":268}},"4":{"start":{"line":1,"column":282},"end":{"line":1,"column":322}},"5":{"start":{"line":2,"column":19},"end":{"line":2,"column":42}},"6":{"start":{"line":2,"column":62},"end":{"line":2,"column":146}},"7":{"start":{"line":4,"column":37},"end":{"line":4,"column":47}},"8":{"start":{"line":5,"column":2},"end":{"line":10,"column":154}}},"fnMap":{"0":{"name":"BackIcon","decl":{"start":{"line":4,"column":9},"end":{"line":4,"column":17}},"loc":{"start":{"line":4,"column":24},"end":{"line":13,"column":1}},"line":4}},"branchMap":{},"s":{"0":1,"1":1,"2":1,"3":1,"4":1,"5":1,"6":1,"7":0,"8":0},"f":{"0":0},"b":{},"inputSourceMap":null,"_coverageSchema":"1a1c01bbd47fc00a2c39e90264f33305004495a9","hash":"df0e2c24e358e275eca3dd2b0ee45429317a7b9a"}
,"/Users/salemduy/Documents/workspace/VSeeCodingChallenge/src/components/NewsRow.js": {"path":"/Users/salemduy/Documents/workspace/VSeeCodingChallenge/src/components/NewsRow.js","statementMap":{"0":{"start":{"line":1,"column":43},"end":{"line":1,"column":99}},"1":{"start":{"line":1,"column":129},"end":{"line":1,"column":184}},"2":{"start":{"line":1,"column":185},"end":{"line":1,"column":247}},"3":{"start":{"line":1,"column":247},"end":{"line":1,"column":273}},"4":{"start":{"line":1,"column":286},"end":{"line":1,"column":327}},"5":{"start":{"line":2,"column":19},"end":{"line":2,"column":42}},"6":{"start":{"line":12,"column":28},"end":{"line":12,"column":86}},"7":{"start":{"line":13,"column":15},"end":{"line":13,"column":70}},"8":{"start":{"line":13,"column":90},"end":{"line":13,"column":173}},"9":{"start":{"line":15,"column":35},"end":{"line":15,"column":44}},"10":{"start":{"line":15,"column":58},"end":{"line":15,"column":73}},"11":{"start":{"line":16,"column":20},"end":{"line":20,"column":3}},"12":{"start":{"line":17,"column":4},"end":{"line":18,"column":20}},"13":{"start":{"line":23,"column":2},"end":{"line":27,"column":17}},"14":{"start":{"line":29,"column":2},"end":{"line":89,"column":133}},"15":{"start":{"line":30,"column":95},"end":{"line":30,"column":120}}},"fnMap":{"0":{"name":"NewRows","decl":{"start":{"line":15,"column":9},"end":{"line":15,"column":16}},"loc":{"start":{"line":15,"column":23},"end":{"line":95,"column":1}},"line":15},"1":{"name":"viewDetails","decl":{"start":{"line":16,"column":29},"end":{"line":16,"column":40}},"loc":{"start":{"line":16,"column":47},"end":{"line":20,"column":3}},"line":16},"2":{"name":"onPress","decl":{"start":{"line":30,"column":84},"end":{"line":30,"column":91}},"loc":{"start":{"line":30,"column":94},"end":{"line":30,"column":121}},"line":30}},"branchMap":{"0":{"loc":{"start":{"line":23,"column":2},"end":{"line":27,"column":17}},"type":"cond-expr","locations":[{"start":{"line":26,"column":2},"end":{"line":26,"column":36}},{"start":{"line":27,"column":2},"end":{"line":27,"column":17}}],"line":23},"1":{"loc":{"start":{"line":23,"column":2},"end":{"line":25,"column":35}},"type":"binary-expr","locations":[{"start":{"line":23,"column":2},"end":{"line":23,"column":17}},{"start":{"line":24,"column":2},"end":{"line":24,"column":37}},{"start":{"line":25,"column":2},"end":{"line":25,"column":35}}],"line":23},"2":{"loc":{"start":{"line":43,"column":13},"end":{"line":45,"column":42}},"type":"cond-expr","locations":[{"start":{"line":44,"column":8},"end":{"line":44,"column":24}},{"start":{"line":45,"column":8},"end":{"line":45,"column":42}}],"line":43}},"s":{"0":1,"1":1,"2":1,"3":1,"4":1,"5":1,"6":1,"7":1,"8":1,"9":20,"10":20,"11":20,"12":1,"13":20,"14":20,"15":1},"f":{"0":20,"1":1,"2":1},"b":{"0":[20,0],"1":[20,20,20],"2":[20,0]},"inputSourceMap":null,"_coverageSchema":"1a1c01bbd47fc00a2c39e90264f33305004495a9","hash":"906f8d09de9debfe027bc555a2c8a15a338e4303"}
,"/Users/salemduy/Documents/workspace/VSeeCodingChallenge/src/constants/Strings.js": {"path":"/Users/salemduy/Documents/workspace/VSeeCodingChallenge/src/constants/Strings.js","statementMap":{"0":{"start":{"line":1,"column":13},"end":{"line":1,"column":75}},"1":{"start":{"line":1,"column":75},"end":{"line":1,"column":100}},"2":{"start":{"line":1,"column":115},"end":{"line":4,"column":25}},"3":{"start":{"line":4,"column":26},"end":{"line":4,"column":53}}},"fnMap":{},"branchMap":{},"s":{"0":1,"1":1,"2":1,"3":1},"f":{},"b":{},"inputSourceMap":null,"_coverageSchema":"1a1c01bbd47fc00a2c39e90264f33305004495a9","hash":"2e9efbdb8c4c1a3081aabbc497ceaaaa5bdc68d7"}
,"/Users/salemduy/Documents/workspace/VSeeCodingChallenge/src/navigator/RootNavigator.js": {"path":"/Users/salemduy/Documents/workspace/VSeeCodingChallenge/src/navigator/RootNavigator.js","statementMap":{"0":{"start":{"line":1,"column":42},"end":{"line":1,"column":97}},"1":{"start":{"line":1,"column":98},"end":{"line":1,"column":160}},"2":{"start":{"line":1,"column":160},"end":{"line":1,"column":192}},"3":{"start":{"line":1,"column":205},"end":{"line":1,"column":245}},"4":{"start":{"line":2,"column":20},"end":{"line":2,"column":54}},"5":{"start":{"line":3,"column":18},"end":{"line":3,"column":74}},"6":{"start":{"line":4,"column":22},"end":{"line":4,"column":58}},"7":{"start":{"line":5,"column":14},"end":{"line":5,"column":49}},"8":{"start":{"line":6,"column":13},"end":{"line":6,"column":47}},"9":{"start":{"line":6,"column":67},"end":{"line":6,"column":155}},"10":{"start":{"line":8,"column":12},"end":{"line":8,"column":46}},"11":{"start":{"line":11,"column":2},"end":{"line":27,"column":143}}},"fnMap":{"0":{"name":"RootNavigator","decl":{"start":{"line":10,"column":9},"end":{"line":10,"column":22}},"loc":{"start":{"line":10,"column":25},"end":{"line":32,"column":1}},"line":10}},"branchMap":{},"s":{"0":1,"1":1,"2":1,"3":1,"4":1,"5":1,"6":1,"7":1,"8":1,"9":1,"10":1,"11":2},"f":{"0":2},"b":{},"inputSourceMap":null,"_coverageSchema":"1a1c01bbd47fc00a2c39e90264f33305004495a9","hash":"7c9d83f095db6f5eb4a0793553abd34fadaab210"}
,"/Users/salemduy/Documents/workspace/VSeeCodingChallenge/src/repo/db.js": {"path":"/Users/salemduy/Documents/workspace/VSeeCodingChallenge/src/repo/db.js","statementMap":{"0":{"start":{"line":1,"column":13},"end":{"line":1,"column":75}},"1":{"start":{"line":1,"column":75},"end":{"line":1,"column":125}},"2":{"start":{"line":1,"column":144},"end":{"line":16,"column":1}},"3":{"start":{"line":2,"column":22},"end":{"line":2,"column":46}},"4":{"start":{"line":3,"column":17},"end":{"line":3,"column":19}},"5":{"start":{"line":4,"column":2},"end":{"line":14,"column":5}},"6":{"start":{"line":5,"column":16},"end":{"line":5,"column":34}},"7":{"start":{"line":6,"column":4},"end":{"line":12,"column":24}},"8":{"start":{"line":15,"column":2},"end":{"line":15,"column":18}},"9":{"start":{"line":16,"column":2},"end":{"line":16,"column":38}},"10":{"start":{"line":18,"column":16},"end":{"line":26,"column":1}},"11":{"start":{"line":19,"column":2},"end":{"line":25,"column":5}},"12":{"start":{"line":20,"column":22},"end":{"line":20,"column":46}},"13":{"start":{"line":21,"column":4},"end":{"line":21,"column":30}},"14":{"start":{"line":22,"column":4},"end":{"line":24,"column":7}},"15":{"start":{"line":23,"column":6},"end":{"line":23,"column":39}},"16":{"start":{"line":26,"column":2},"end":{"line":26,"column":32}}},"fnMap":{"0":{"name":"getLocalNews","decl":{"start":{"line":1,"column":153},"end":{"line":1,"column":165}},"loc":{"start":{"line":1,"column":173},"end":{"line":16,"column":1}},"line":1},"1":{"name":"(anonymous_1)","decl":{"start":{"line":4,"column":37},"end":{"line":4,"column":38}},"loc":{"start":{"line":4,"column":52},"end":{"line":14,"column":3}},"line":4},"2":{"name":"storeNews","decl":{"start":{"line":18,"column":25},"end":{"line":18,"column":34}},"loc":{"start":{"line":18,"column":52},"end":{"line":26,"column":1}},"line":18},"3":{"name":"(anonymous_3)","decl":{"start":{"line":19,"column":14},"end":{"line":19,"column":15}},"loc":{"start":{"line":19,"column":26},"end":{"line":25,"column":3}},"line":19},"4":{"name":"(anonymous_4)","decl":{"start":{"line":22,"column":21},"end":{"line":22,"column":22}},"loc":{"start":{"line":22,"column":40},"end":{"line":24,"column":5}},"line":22}},"branchMap":{},"s":{"0":1,"1":1,"2":1,"3":2,"4":2,"5":2,"6":40,"7":40,"8":2,"9":1,"10":1,"11":0,"12":0,"13":0,"14":0,"15":0,"16":1},"f":{"0":2,"1":40,"2":0,"3":0,"4":0},"b":{},"inputSourceMap":null,"_coverageSchema":"1a1c01bbd47fc00a2c39e90264f33305004495a9","hash":"4b629ab8acfc277b739033b084f9d63d42e4179a"}
,"/Users/salemduy/Documents/workspace/VSeeCodingChallenge/src/repo/network.js": {"path":"/Users/salemduy/Documents/workspace/VSeeCodingChallenge/src/repo/network.js","statementMap":{"0":{"start":{"line":1,"column":42},"end":{"line":1,"column":97}},"1":{"start":{"line":1,"column":98},"end":{"line":1,"column":160}},"2":{"start":{"line":1,"column":160},"end":{"line":1,"column":185}},"3":{"start":{"line":1,"column":198},"end":{"line":1,"column":238}},"4":{"start":{"line":3,"column":14},"end":{"line":20,"column":1}},"5":{"start":{"line":5,"column":2},"end":{"line":6,"column":6}},"6":{"start":{"line":7,"column":2},"end":{"line":19,"column":5}},"7":{"start":{"line":9,"column":23},"end":{"line":9,"column":39}},"8":{"start":{"line":11,"column":4},"end":{"line":15,"column":5}},"9":{"start":{"line":12,"column":6},"end":{"line":12,"column":40}},"10":{"start":{"line":14,"column":6},"end":{"line":14,"column":58}},"11":{"start":{"line":18,"column":4},"end":{"line":18,"column":26}},"12":{"start":{"line":20,"column":2},"end":{"line":20,"column":28}}},"fnMap":{"0":{"name":"getNews","decl":{"start":{"line":3,"column":23},"end":{"line":3,"column":30}},"loc":{"start":{"line":3,"column":47},"end":{"line":20,"column":1}},"line":3},"1":{"name":"(anonymous_1)","decl":{"start":{"line":9,"column":7},"end":{"line":9,"column":8}},"loc":{"start":{"line":9,"column":22},"end":{"line":9,"column":40}},"line":9},"2":{"name":"(anonymous_2)","decl":{"start":{"line":10,"column":7},"end":{"line":10,"column":8}},"loc":{"start":{"line":10,"column":27},"end":{"line":16,"column":3}},"line":10},"3":{"name":"(anonymous_3)","decl":{"start":{"line":17,"column":8},"end":{"line":17,"column":9}},"loc":{"start":{"line":17,"column":25},"end":{"line":19,"column":3}},"line":17}},"branchMap":{"0":{"loc":{"start":{"line":11,"column":4},"end":{"line":15,"column":5}},"type":"if","locations":[{"start":{"line":11,"column":4},"end":{"line":15,"column":5}},{"start":{"line":11,"column":4},"end":{"line":15,"column":5}}],"line":11}},"s":{"0":1,"1":1,"2":1,"3":1,"4":1,"5":0,"6":0,"7":0,"8":0,"9":0,"10":0,"11":0,"12":1},"f":{"0":0,"1":0,"2":0,"3":0},"b":{"0":[0,0]},"inputSourceMap":null,"_coverageSchema":"1a1c01bbd47fc00a2c39e90264f33305004495a9","hash":"1f29270fbe6f7478eee297215dcd8a4ccb98e107"}
,"/Users/salemduy/Documents/workspace/VSeeCodingChallenge/src/repo/realm.js": {"path":"/Users/salemduy/Documents/workspace/VSeeCodingChallenge/src/repo/realm.js","statementMap":{"0":{"start":{"line":1,"column":42},"end":{"line":1,"column":97}},"1":{"start":{"line":1,"column":98},"end":{"line":1,"column":160}},"2":{"start":{"line":1,"column":160},"end":{"line":1,"column":185}},"3":{"start":{"line":1,"column":208},"end":{"line":1,"column":280}},"4":{"start":{"line":1,"column":298},"end":{"line":1,"column":364}},"5":{"start":{"line":1,"column":399},"end":{"line":1,"column":482}},"6":{"start":{"line":1,"column":506},"end":{"line":1,"column":578}},"7":{"start":{"line":3,"column":13},"end":{"line":3,"column":53}},"8":{"start":{"line":3,"column":118},"end":{"line":3,"column":145}},"9":{"start":{"line":3,"column":146},"end":{"line":3,"column":507}},"10":{"start":{"line":3,"column":198},"end":{"line":3,"column":236}},"11":{"start":{"line":3,"column":244},"end":{"line":3,"column":443}},"12":{"start":{"line":3,"column":292},"end":{"line":3,"column":339}},"13":{"start":{"line":3,"column":340},"end":{"line":3,"column":396}},"14":{"start":{"line":3,"column":404},"end":{"line":3,"column":442}},"15":{"start":{"line":3,"column":443},"end":{"line":3,"column":505}},"16":{"start":{"line":3,"column":546},"end":{"line":3,"column":617}},"17":{"start":{"line":3,"column":604},"end":{"line":3,"column":617}},"18":{"start":{"line":3,"column":617},"end":{"line":3,"column":658}},"19":{"start":{"line":3,"column":645},"end":{"line":3,"column":658}},"20":{"start":{"line":3,"column":658},"end":{"line":3,"column":703}},"21":{"start":{"line":3,"column":691},"end":{"line":3,"column":703}},"22":{"start":{"line":3,"column":703},"end":{"line":3,"column":821}},"23":{"start":{"line":3,"column":708},"end":{"line":3,"column":782}},"24":{"start":{"line":3,"column":782},"end":{"line":3,"column":794}},"25":{"start":{"line":3,"column":807},"end":{"line":3,"column":820}},"26":{"start":{"line":5,"column":10},"end":{"line":5,"column":261}},"27":{"start":{"line":5,"column":36},"end":{"line":5,"column":84}},"28":{"start":{"line":5,"column":97},"end":{"line":5,"column":118}},"29":{"start":{"line":5,"column":139},"end":{"line":5,"column":184}},"30":{"start":{"line":5,"column":184},"end":{"line":5,"column":221}},"31":{"start":{"line":5,"column":222},"end":{"line":5,"column":237}},"32":{"start":{"line":6,"column":0},"end":{"line":14,"column":22}},"33":{"start":{"line":18,"column":0},"end":{"line":18,"column":48}},"34":{"start":{"line":18,"column":49},"end":{"line":18,"column":76}}},"fnMap":{"0":{"name":"_createSuper","decl":{"start":{"line":3,"column":63},"end":{"line":3,"column":75}},"loc":{"start":{"line":3,"column":85},"end":{"line":3,"column":508}},"line":3},"1":{"name":"_createSuperInternal","decl":{"start":{"line":3,"column":162},"end":{"line":3,"column":182}},"loc":{"start":{"line":3,"column":185},"end":{"line":3,"column":506}},"line":3},"2":{"name":"_isNativeReflectConstruct","decl":{"start":{"line":3,"column":517},"end":{"line":3,"column":542}},"loc":{"start":{"line":3,"column":545},"end":{"line":3,"column":822}},"line":3},"3":{"name":"(anonymous_3)","decl":{"start":{"line":3,"column":765},"end":{"line":3,"column":766}},"loc":{"start":{"line":3,"column":777},"end":{"line":3,"column":779}},"line":3},"4":{"name":"(anonymous_4)","decl":{"start":{"line":5,"column":10},"end":{"line":5,"column":11}},"loc":{"start":{"line":5,"column":35},"end":{"line":5,"column":238}},"line":5},"5":{"name":"Article","decl":{"start":{"line":5,"column":128},"end":{"line":5,"column":135}},"loc":{"start":{"line":5,"column":138},"end":{"line":5,"column":222}},"line":5}},"branchMap":{"0":{"loc":{"start":{"line":3,"column":244},"end":{"line":3,"column":443}},"type":"if","locations":[{"start":{"line":3,"column":244},"end":{"line":3,"column":443}},{"start":{"line":3,"column":244},"end":{"line":3,"column":443}}],"line":3},"1":{"loc":{"start":{"line":3,"column":546},"end":{"line":3,"column":617}},"type":"if","locations":[{"start":{"line":3,"column":546},"end":{"line":3,"column":617}},{"start":{"line":3,"column":546},"end":{"line":3,"column":617}}],"line":3},"2":{"loc":{"start":{"line":3,"column":550},"end":{"line":3,"column":602}},"type":"binary-expr","locations":[{"start":{"line":3,"column":550},"end":{"line":3,"column":580}},{"start":{"line":3,"column":584},"end":{"line":3,"column":602}}],"line":3},"3":{"loc":{"start":{"line":3,"column":617},"end":{"line":3,"column":658}},"type":"if","locations":[{"start":{"line":3,"column":617},"end":{"line":3,"column":658}},{"start":{"line":3,"column":617},"end":{"line":3,"column":658}}],"line":3},"4":{"loc":{"start":{"line":3,"column":658},"end":{"line":3,"column":703}},"type":"if","locations":[{"start":{"line":3,"column":658},"end":{"line":3,"column":703}},{"start":{"line":3,"column":658},"end":{"line":3,"column":703}}],"line":3}},"s":{"0":1,"1":1,"2":1,"3":1,"4":1,"5":1,"6":1,"7":1,"8":1,"9":1,"10":0,"11":0,"12":0,"13":0,"14":0,"15":0,"16":1,"17":0,"18":1,"19":0,"20":1,"21":1,"22":0,"23":0,"24":0,"25":0,"26":1,"27":1,"28":1,"29":0,"30":0,"31":1,"32":1,"33":1,"34":1},"f":{"0":1,"1":0,"2":1,"3":0,"4":1,"5":0},"b":{"0":[0,0],"1":[0,1],"2":[1,1],"3":[0,1],"4":[1,0]},"inputSourceMap":null,"_coverageSchema":"1a1c01bbd47fc00a2c39e90264f33305004495a9","hash":"eb2d987b4f0a9587ab0e58616dfe2b4156111619"}
,"/Users/salemduy/Documents/workspace/VSeeCodingChallenge/src/screens/DetailScreen.js": {"path":"/Users/salemduy/Documents/workspace/VSeeCodingChallenge/src/screens/DetailScreen.js","statementMap":{"0":{"start":{"line":1,"column":42},"end":{"line":1,"column":97}},"1":{"start":{"line":1,"column":98},"end":{"line":1,"column":160}},"2":{"start":{"line":1,"column":160},"end":{"line":1,"column":194}},"3":{"start":{"line":1,"column":207},"end":{"line":1,"column":247}},"4":{"start":{"line":2,"column":19},"end":{"line":2,"column":42}},"5":{"start":{"line":10,"column":37},"end":{"line":10,"column":105}},"6":{"start":{"line":11,"column":32},"end":{"line":11,"column":71}},"7":{"start":{"line":12,"column":15},"end":{"line":12,"column":70}},"8":{"start":{"line":13,"column":16},"end":{"line":13,"column":73}},"9":{"start":{"line":13,"column":86},"end":{"line":13,"column":90}},"10":{"start":{"line":13,"column":106},"end":{"line":13,"column":191}},"11":{"start":{"line":15,"column":23},"end":{"line":93,"column":1}},"12":{"start":{"line":15,"column":73},"end":{"line":15,"column":88}},"13":{"start":{"line":16,"column":13},"end":{"line":16,"column":41}},"14":{"start":{"line":17,"column":31},"end":{"line":17,"column":34}},"15":{"start":{"line":18,"column":29},"end":{"line":18,"column":85}},"16":{"start":{"line":21,"column":20},"end":{"line":23,"column":3}},"17":{"start":{"line":22,"column":4},"end":{"line":22,"column":71}},"18":{"start":{"line":27,"column":2},"end":{"line":31,"column":17}},"19":{"start":{"line":36,"column":2},"end":{"line":88,"column":167}},"20":{"start":{"line":43,"column":53},"end":{"line":54,"column":187}},"21":{"start":{"line":57,"column":55},"end":{"line":64,"column":167}},"22":{"start":{"line":62,"column":14},"end":{"line":62,"column":31}},"23":{"start":{"line":68,"column":53},"end":{"line":68,"column":240}},"24":{"start":{"line":88,"column":35},"end":{"line":88,"column":56}},"25":{"start":{"line":93,"column":2},"end":{"line":93,"column":46}},"26":{"start":{"line":95,"column":13},"end":{"line":185,"column":31}}},"fnMap":{"0":{"name":"NewsDetailScreen","decl":{"start":{"line":15,"column":32},"end":{"line":15,"column":48}},"loc":{"start":{"line":15,"column":55},"end":{"line":93,"column":1}},"line":15},"1":{"name":"openWebView","decl":{"start":{"line":21,"column":29},"end":{"line":21,"column":40}},"loc":{"start":{"line":21,"column":43},"end":{"line":23,"column":3}},"line":21},"2":{"name":"renderBackground","decl":{"start":{"line":43,"column":33},"end":{"line":43,"column":49}},"loc":{"start":{"line":43,"column":52},"end":{"line":54,"column":188}},"line":43},"3":{"name":"renderFixedHeader","decl":{"start":{"line":57,"column":34},"end":{"line":57,"column":51}},"loc":{"start":{"line":57,"column":54},"end":{"line":64,"column":168}},"line":57},"4":{"name":"onPress","decl":{"start":{"line":61,"column":30},"end":{"line":61,"column":37}},"loc":{"start":{"line":61,"column":40},"end":{"line":63,"column":13}},"line":61},"5":{"name":"renderForeground","decl":{"start":{"line":68,"column":33},"end":{"line":68,"column":49}},"loc":{"start":{"line":68,"column":52},"end":{"line":68,"column":241}},"line":68},"6":{"name":"onPress","decl":{"start":{"line":88,"column":24},"end":{"line":88,"column":31}},"loc":{"start":{"line":88,"column":34},"end":{"line":88,"column":57}},"line":88}},"branchMap":{"0":{"loc":{"start":{"line":27,"column":2},"end":{"line":31,"column":17}},"type":"cond-expr","locations":[{"start":{"line":30,"column":2},"end":{"line":30,"column":36}},{"start":{"line":31,"column":2},"end":{"line":31,"column":17}}],"line":27},"1":{"loc":{"start":{"line":27,"column":2},"end":{"line":29,"column":35}},"type":"binary-expr","locations":[{"start":{"line":27,"column":2},"end":{"line":27,"column":17}},{"start":{"line":28,"column":2},"end":{"line":28,"column":37}},{"start":{"line":29,"column":2},"end":{"line":29,"column":35}}],"line":27},"2":{"loc":{"start":{"line":48,"column":12},"end":{"line":50,"column":54}},"type":"cond-expr","locations":[{"start":{"line":49,"column":12},"end":{"line":49,"column":37}},{"start":{"line":50,"column":12},"end":{"line":50,"column":54}}],"line":48},"3":{"loc":{"start":{"line":72,"column":180},"end":{"line":72,"column":203}},"type":"cond-expr","locations":[{"start":{"line":72,"column":187},"end":{"line":72,"column":198}},{"start":{"line":72,"column":201},"end":{"line":72,"column":203}}],"line":72},"4":{"loc":{"start":{"line":74,"column":179},"end":{"line":74,"column":201}},"type":"cond-expr","locations":[{"start":{"line":74,"column":186},"end":{"line":74,"column":196}},{"start":{"line":74,"column":199},"end":{"line":74,"column":201}}],"line":74},"5":{"loc":{"start":{"line":76,"column":178},"end":{"line":76,"column":206}},"type":"cond-expr","locations":[{"start":{"line":76,"column":185},"end":{"line":76,"column":201}},{"start":{"line":76,"column":204},"end":{"line":76,"column":206}}],"line":76},"6":{"loc":{"start":{"line":79,"column":4},"end":{"line":81,"column":6}},"type":"cond-expr","locations":[{"start":{"line":80,"column":4},"end":{"line":80,"column":57}},{"start":{"line":81,"column":4},"end":{"line":81,"column":6}}],"line":79},"7":{"loc":{"start":{"line":112,"column":9},"end":{"line":112,"column":115}},"type":"cond-expr","locations":[{"start":{"line":112,"column":54},"end":{"line":112,"column":110}},{"start":{"line":112,"column":113},"end":{"line":112,"column":115}}],"line":112}},"s":{"0":1,"1":1,"2":1,"3":1,"4":1,"5":1,"6":1,"7":1,"8":1,"9":1,"10":1,"11":1,"12":1,"13":1,"14":0,"15":0,"16":0,"17":0,"18":0,"19":0,"20":0,"21":0,"22":0,"23":0,"24":0,"25":1,"26":1},"f":{"0":1,"1":0,"2":0,"3":0,"4":0,"5":0,"6":0},"b":{"0":[0,0],"1":[0,0,0],"2":[0,0],"3":[0,0],"4":[0,0],"5":[0,0],"6":[0,0],"7":[0,1]},"inputSourceMap":null,"_coverageSchema":"1a1c01bbd47fc00a2c39e90264f33305004495a9","hash":"66dec55b1b4cafb8449af59e4c2719950715963f"}
,"/Users/salemduy/Documents/workspace/VSeeCodingChallenge/src/screens/MainScreen.js": {"path":"/Users/salemduy/Documents/workspace/VSeeCodingChallenge/src/screens/MainScreen.js","statementMap":{"0":{"start":{"line":1,"column":42},"end":{"line":1,"column":97}},"1":{"start":{"line":1,"column":128},"end":{"line":1,"column":184}},"2":{"start":{"line":1,"column":185},"end":{"line":1,"column":247}},"3":{"start":{"line":1,"column":247},"end":{"line":1,"column":276}},"4":{"start":{"line":1,"column":298},"end":{"line":1,"column":369}},"5":{"start":{"line":1,"column":383},"end":{"line":1,"column":424}},"6":{"start":{"line":2,"column":19},"end":{"line":2,"column":42}},"7":{"start":{"line":12,"column":18},"end":{"line":12,"column":40}},"8":{"start":{"line":13,"column":15},"end":{"line":13,"column":60}},"9":{"start":{"line":14,"column":14},"end":{"line":14,"column":65}},"10":{"start":{"line":15,"column":9},"end":{"line":15,"column":55}},"11":{"start":{"line":16,"column":13},"end":{"line":16,"column":61}},"12":{"start":{"line":17,"column":15},"end":{"line":17,"column":71}},"13":{"start":{"line":18,"column":15},"end":{"line":18,"column":70}},"14":{"start":{"line":18,"column":90},"end":{"line":18,"column":173}},"15":{"start":{"line":20,"column":11},"end":{"line":20,"column":12}},"16":{"start":{"line":22,"column":39},"end":{"line":22,"column":43}},"17":{"start":{"line":22,"column":61},"end":{"line":22,"column":76}},"18":{"start":{"line":23,"column":17},"end":{"line":23,"column":47}},"19":{"start":{"line":25,"column":2},"end":{"line":25,"column":29}},"20":{"start":{"line":25,"column":43},"end":{"line":25,"column":85}},"21":{"start":{"line":25,"column":96},"end":{"line":25,"column":109}},"22":{"start":{"line":25,"column":123},"end":{"line":25,"column":136}},"23":{"start":{"line":26,"column":2},"end":{"line":26,"column":29}},"24":{"start":{"line":26,"column":43},"end":{"line":26,"column":86}},"25":{"start":{"line":26,"column":101},"end":{"line":26,"column":114}},"26":{"start":{"line":26,"column":132},"end":{"line":26,"column":145}},"27":{"start":{"line":27,"column":2},"end":{"line":27,"column":29}},"28":{"start":{"line":27,"column":43},"end":{"line":27,"column":86}},"29":{"start":{"line":27,"column":100},"end":{"line":27,"column":113}},"30":{"start":{"line":27,"column":130},"end":{"line":27,"column":143}},"31":{"start":{"line":28,"column":2},"end":{"line":28,"column":58}},"32":{"start":{"line":28,"column":72},"end":{"line":28,"column":115}},"33":{"start":{"line":28,"column":127},"end":{"line":28,"column":140}},"34":{"start":{"line":28,"column":155},"end":{"line":28,"column":168}},"35":{"start":{"line":34,"column":2},"end":{"line":34,"column":28}},"36":{"start":{"line":34,"column":43},"end":{"line":34,"column":86}},"37":{"start":{"line":34,"column":122},"end":{"line":34,"column":136}},"38":{"start":{"line":34,"column":175},"end":{"line":34,"column":189}},"39":{"start":{"line":36,"column":2},"end":{"line":36,"column":32}},"40":{"start":{"line":36,"column":52},"end":{"line":36,"column":100}},"41":{"start":{"line":36,"column":113},"end":{"line":36,"column":132}},"42":{"start":{"line":36,"column":148},"end":{"line":36,"column":167}},"43":{"start":{"line":39,"column":23},"end":{"line":39,"column":100}},"44":{"start":{"line":39,"column":70},"end":{"line":39,"column":98}},"45":{"start":{"line":40,"column":9},"end":{"line":40,"column":28}},"46":{"start":{"line":40,"column":37},"end":{"line":40,"column":57}},"47":{"start":{"line":42,"column":2},"end":{"line":50,"column":9}},"48":{"start":{"line":44,"column":4},"end":{"line":44,"column":26}},"49":{"start":{"line":46,"column":4},"end":{"line":46,"column":76}},"50":{"start":{"line":47,"column":4},"end":{"line":49,"column":6}},"51":{"start":{"line":48,"column":6},"end":{"line":48,"column":81}},"52":{"start":{"line":52,"column":30},"end":{"line":57,"column":3}},"53":{"start":{"line":53,"column":4},"end":{"line":55,"column":5}},"54":{"start":{"line":54,"column":6},"end":{"line":54,"column":53}},"55":{"start":{"line":56,"column":4},"end":{"line":56,"column":30}},"56":{"start":{"line":60,"column":2},"end":{"line":64,"column":17}},"57":{"start":{"line":61,"column":4},"end":{"line":63,"column":5}},"58":{"start":{"line":62,"column":6},"end":{"line":62,"column":27}},"59":{"start":{"line":66,"column":16},"end":{"line":106,"column":3}},"60":{"start":{"line":69,"column":4},"end":{"line":105,"column":5}},"61":{"start":{"line":70,"column":6},"end":{"line":97,"column":7}},"62":{"start":{"line":71,"column":8},"end":{"line":71,"column":29}},"63":{"start":{"line":72,"column":8},"end":{"line":87,"column":11}},"64":{"start":{"line":73,"column":10},"end":{"line":73,"column":28}},"65":{"start":{"line":74,"column":10},"end":{"line":74,"column":31}},"66":{"start":{"line":75,"column":10},"end":{"line":75,"column":32}},"67":{"start":{"line":76,"column":10},"end":{"line":86,"column":11}},"68":{"start":{"line":77,"column":12},"end":{"line":77,"column":31}},"69":{"start":{"line":78,"column":12},"end":{"line":78,"column":31}},"70":{"start":{"line":80,"column":12},"end":{"line":85,"column":13}},"71":{"start":{"line":81,"column":14},"end":{"line":81,"column":33}},"72":{"start":{"line":83,"column":32},"end":{"line":83,"column":53}},"73":{"start":{"line":84,"column":14},"end":{"line":84,"column":62}},"74":{"start":{"line":89,"column":24},"end":{"line":89,"column":55}},"75":{"start":{"line":92,"column":8},"end":{"line":96,"column":9}},"76":{"start":{"line":93,"column":10},"end":{"line":93,"column":29}},"77":{"start":{"line":95,"column":10},"end":{"line":95,"column":56}},"78":{"start":{"line":101,"column":6},"end":{"line":101,"column":15}},"79":{"start":{"line":102,"column":6},"end":{"line":102,"column":26}},"80":{"start":{"line":103,"column":6},"end":{"line":103,"column":26}},"81":{"start":{"line":104,"column":6},"end":{"line":104,"column":25}},"82":{"start":{"line":108,"column":25},"end":{"line":120,"column":3}},"83":{"start":{"line":109,"column":4},"end":{"line":119,"column":7}},"84":{"start":{"line":110,"column":6},"end":{"line":110,"column":24}},"85":{"start":{"line":111,"column":6},"end":{"line":111,"column":27}},"86":{"start":{"line":112,"column":6},"end":{"line":118,"column":7}},"87":{"start":{"line":113,"column":8},"end":{"line":113,"column":27}},"88":{"start":{"line":114,"column":8},"end":{"line":114,"column":55}},"89":{"start":{"line":116,"column":8},"end":{"line":116,"column":47}},"90":{"start":{"line":117,"column":8},"end":{"line":117,"column":53}},"91":{"start":{"line":123,"column":21},"end":{"line":141,"column":3}},"92":{"start":{"line":124,"column":4},"end":{"line":140,"column":5}},"93":{"start":{"line":125,"column":6},"end":{"line":127,"column":229}},"94":{"start":{"line":131,"column":6},"end":{"line":139,"column":7}},"95":{"start":{"line":132,"column":8},"end":{"line":134,"column":211}},"96":{"start":{"line":138,"column":8},"end":{"line":138,"column":20}},"97":{"start":{"line":143,"column":23},"end":{"line":151,"column":3}},"98":{"start":{"line":144,"column":4},"end":{"line":150,"column":5}},"99":{"start":{"line":145,"column":6},"end":{"line":148,"column":7}},"100":{"start":{"line":146,"column":8},"end":{"line":146,"column":18}},"101":{"start":{"line":147,"column":8},"end":{"line":147,"column":29}},"102":{"start":{"line":149,"column":6},"end":{"line":149,"column":48}},"103":{"start":{"line":153,"column":19},"end":{"line":155,"column":3}},"104":{"start":{"line":153,"column":58},"end":{"line":153,"column":68}},"105":{"start":{"line":153,"column":77},"end":{"line":153,"column":88}},"106":{"start":{"line":154,"column":4},"end":{"line":154,"column":201}},"107":{"start":{"line":157,"column":24},"end":{"line":173,"column":3}},"108":{"start":{"line":158,"column":4},"end":{"line":170,"column":175}},"109":{"start":{"line":170,"column":37},"end":{"line":170,"column":66}},"110":{"start":{"line":175,"column":26},"end":{"line":181,"column":3}},"111":{"start":{"line":176,"column":4},"end":{"line":178,"column":175}},"112":{"start":{"line":183,"column":23},"end":{"line":207,"column":3}},"113":{"start":{"line":184,"column":4},"end":{"line":204,"column":148}},"114":{"start":{"line":196,"column":51},"end":{"line":196,"column":70}},"115":{"start":{"line":198,"column":41},"end":{"line":198,"column":69}},"116":{"start":{"line":200,"column":10},"end":{"line":200,"column":53}},"117":{"start":{"line":211,"column":2},"end":{"line":217,"column":3}},"118":{"start":{"line":212,"column":4},"end":{"line":212,"column":34}},"119":{"start":{"line":213,"column":9},"end":{"line":217,"column":3}},"120":{"start":{"line":214,"column":4},"end":{"line":214,"column":32}},"121":{"start":{"line":216,"column":4},"end":{"line":216,"column":31}},"122":{"start":{"line":219,"column":2},"end":{"line":229,"column":15}},"123":{"start":{"line":235,"column":13},"end":{"line":276,"column":23}}},"fnMap":{"0":{"name":"MainScreen","decl":{"start":{"line":22,"column":9},"end":{"line":22,"column":19}},"loc":{"start":{"line":22,"column":26},"end":{"line":233,"column":1}},"line":22},"1":{"name":"(anonymous_1)","decl":{"start":{"line":39,"column":52},"end":{"line":39,"column":53}},"loc":{"start":{"line":39,"column":69},"end":{"line":39,"column":99}},"line":39},"2":{"name":"(anonymous_2)","decl":{"start":{"line":42,"column":24},"end":{"line":42,"column":25}},"loc":{"start":{"line":42,"column":36},"end":{"line":50,"column":3}},"line":42},"3":{"name":"(anonymous_3)","decl":{"start":{"line":47,"column":11},"end":{"line":47,"column":12}},"loc":{"start":{"line":47,"column":23},"end":{"line":49,"column":5}},"line":47},"4":{"name":"_handleAppStateChange","decl":{"start":{"line":52,"column":39},"end":{"line":52,"column":60}},"loc":{"start":{"line":52,"column":75},"end":{"line":57,"column":3}},"line":52},"5":{"name":"(anonymous_5)","decl":{"start":{"line":60,"column":24},"end":{"line":60,"column":25}},"loc":{"start":{"line":60,"column":36},"end":{"line":64,"column":3}},"line":60},"6":{"name":"getNews","decl":{"start":{"line":66,"column":25},"end":{"line":66,"column":32}},"loc":{"start":{"line":66,"column":56},"end":{"line":106,"column":3}},"line":66},"7":{"name":"(anonymous_7)","decl":{"start":{"line":72,"column":30},"end":{"line":72,"column":31}},"loc":{"start":{"line":72,"column":57},"end":{"line":87,"column":9}},"line":72},"8":{"name":"fetchFromNetwork","decl":{"start":{"line":108,"column":34},"end":{"line":108,"column":50}},"loc":{"start":{"line":108,"column":53},"end":{"line":120,"column":3}},"line":108},"9":{"name":"(anonymous_9)","decl":{"start":{"line":109,"column":26},"end":{"line":109,"column":27}},"loc":{"start":{"line":109,"column":53},"end":{"line":119,"column":5}},"line":109},"10":{"name":"renderFooter","decl":{"start":{"line":123,"column":30},"end":{"line":123,"column":42}},"loc":{"start":{"line":123,"column":45},"end":{"line":141,"column":3}},"line":123},"11":{"name":"handleLoadMore","decl":{"start":{"line":143,"column":32},"end":{"line":143,"column":46}},"loc":{"start":{"line":143,"column":49},"end":{"line":151,"column":3}},"line":143},"12":{"name":"renderItem","decl":{"start":{"line":153,"column":28},"end":{"line":153,"column":38}},"loc":{"start":{"line":153,"column":46},"end":{"line":155,"column":3}},"line":153},"13":{"name":"renderErrorView","decl":{"start":{"line":157,"column":33},"end":{"line":157,"column":48}},"loc":{"start":{"line":157,"column":51},"end":{"line":173,"column":3}},"line":157},"14":{"name":"onPress","decl":{"start":{"line":170,"column":26},"end":{"line":170,"column":33}},"loc":{"start":{"line":170,"column":36},"end":{"line":170,"column":67}},"line":170},"15":{"name":"renderLoadingView","decl":{"start":{"line":175,"column":35},"end":{"line":175,"column":52}},"loc":{"start":{"line":175,"column":55},"end":{"line":181,"column":3}},"line":175},"16":{"name":"renderListView","decl":{"start":{"line":183,"column":32},"end":{"line":183,"column":46}},"loc":{"start":{"line":183,"column":49},"end":{"line":207,"column":3}},"line":183},"17":{"name":"keyExtractor","decl":{"start":{"line":196,"column":31},"end":{"line":196,"column":43}},"loc":{"start":{"line":196,"column":50},"end":{"line":196,"column":71}},"line":196},"18":{"name":"onRefresh","decl":{"start":{"line":198,"column":28},"end":{"line":198,"column":37}},"loc":{"start":{"line":198,"column":40},"end":{"line":198,"column":70}},"line":198},"19":{"name":"onMomentumScrollBegin","decl":{"start":{"line":199,"column":40},"end":{"line":199,"column":61}},"loc":{"start":{"line":199,"column":64},"end":{"line":201,"column":9}},"line":199}},"branchMap":{"0":{"loc":{"start":{"line":53,"column":4},"end":{"line":55,"column":5}},"type":"if","locations":[{"start":{"line":53,"column":4},"end":{"line":55,"column":5}},{"start":{"line":53,"column":4},"end":{"line":55,"column":5}}],"line":53},"1":{"loc":{"start":{"line":53,"column":8},"end":{"line":53,"column":74}},"type":"binary-expr","locations":[{"start":{"line":53,"column":8},"end":{"line":53,"column":45}},{"start":{"line":53,"column":49},"end":{"line":53,"column":74}}],"line":53},"2":{"loc":{"start":{"line":61,"column":4},"end":{"line":63,"column":5}},"type":"if","locations":[{"start":{"line":61,"column":4},"end":{"line":63,"column":5}},{"start":{"line":61,"column":4},"end":{"line":63,"column":5}}],"line":61},"3":{"loc":{"start":{"line":61,"column":8},"end":{"line":61,"column":41}},"type":"binary-expr","locations":[{"start":{"line":61,"column":8},"end":{"line":61,"column":16}},{"start":{"line":61,"column":20},"end":{"line":61,"column":41}}],"line":61},"4":{"loc":{"start":{"line":69,"column":4},"end":{"line":105,"column":5}},"type":"if","locations":[{"start":{"line":69,"column":4},"end":{"line":105,"column":5}},{"start":{"line":69,"column":4},"end":{"line":105,"column":5}}],"line":69},"5":{"loc":{"start":{"line":70,"column":6},"end":{"line":97,"column":7}},"type":"if","locations":[{"start":{"line":70,"column":6},"end":{"line":97,"column":7}},{"start":{"line":70,"column":6},"end":{"line":97,"column":7}}],"line":70},"6":{"loc":{"start":{"line":76,"column":10},"end":{"line":86,"column":11}},"type":"if","locations":[{"start":{"line":76,"column":10},"end":{"line":86,"column":11}},{"start":{"line":76,"column":10},"end":{"line":86,"column":11}}],"line":76},"7":{"loc":{"start":{"line":80,"column":12},"end":{"line":85,"column":13}},"type":"if","locations":[{"start":{"line":80,"column":12},"end":{"line":85,"column":13}},{"start":{"line":80,"column":12},"end":{"line":85,"column":13}}],"line":80},"8":{"loc":{"start":{"line":92,"column":8},"end":{"line":96,"column":9}},"type":"if","locations":[{"start":{"line":92,"column":8},"end":{"line":96,"column":9}},{"start":{"line":92,"column":8},"end":{"line":96,"column":9}}],"line":92},"9":{"loc":{"start":{"line":112,"column":6},"end":{"line":118,"column":7}},"type":"if","locations":[{"start":{"line":112,"column":6},"end":{"line":118,"column":7}},{"start":{"line":112,"column":6},"end":{"line":118,"column":7}}],"line":112},"10":{"loc":{"start":{"line":124,"column":4},"end":{"line":140,"column":5}},"type":"if","locations":[{"start":{"line":124,"column":4},"end":{"line":140,"column":5}},{"start":{"line":124,"column":4},"end":{"line":140,"column":5}}],"line":124},"11":{"loc":{"start":{"line":131,"column":6},"end":{"line":139,"column":7}},"type":"if","locations":[{"start":{"line":131,"column":6},"end":{"line":139,"column":7}},{"start":{"line":131,"column":6},"end":{"line":139,"column":7}}],"line":131},"12":{"loc":{"start":{"line":144,"column":4},"end":{"line":150,"column":5}},"type":"if","locations":[{"start":{"line":144,"column":4},"end":{"line":150,"column":5}},{"start":{"line":144,"column":4},"end":{"line":150,"column":5}}],"line":144},"13":{"loc":{"start":{"line":145,"column":6},"end":{"line":148,"column":7}},"type":"if","locations":[{"start":{"line":145,"column":6},"end":{"line":148,"column":7}},{"start":{"line":145,"column":6},"end":{"line":148,"column":7}}],"line":145},"14":{"loc":{"start":{"line":211,"column":2},"end":{"line":217,"column":3}},"type":"if","locations":[{"start":{"line":211,"column":2},"end":{"line":217,"column":3}},{"start":{"line":211,"column":2},"end":{"line":217,"column":3}}],"line":211},"15":{"loc":{"start":{"line":213,"column":9},"end":{"line":217,"column":3}},"type":"if","locations":[{"start":{"line":213,"column":9},"end":{"line":217,"column":3}},{"start":{"line":213,"column":9},"end":{"line":217,"column":3}}],"line":213}},"s":{"0":1,"1":1,"2":1,"3":1,"4":1,"5":1,"6":1,"7":1,"8":1,"9":1,"10":1,"11":1,"12":1,"13":1,"14":1,"15":1,"16":2,"17":2,"18":2,"19":2,"20":2,"21":2,"22":2,"23":2,"24":2,"25":2,"26":2,"27":2,"28":2,"29":2,"30":2,"31":2,"32":2,"33":2,"34":2,"35":2,"36":2,"37":2,"38":2,"39":2,"40":2,"41":2,"42":2,"43":2,"44":6,"45":2,"46":2,"47":2,"48":2,"49":2,"50":2,"51":2,"52":2,"53":0,"54":0,"55":0,"56":2,"57":2,"58":0,"59":2,"60":2,"61":2,"62":0,"63":0,"64":0,"65":0,"66":0,"67":0,"68":0,"69":0,"70":0,"71":0,"72":0,"73":0,"74":2,"75":2,"76":0,"77":2,"78":0,"79":0,"80":0,"81":0,"82":2,"83":0,"84":0,"85":0,"86":0,"87":0,"88":0,"89":0,"90":0,"91":2,"92":2,"93":0,"94":2,"95":0,"96":2,"97":2,"98":1,"99":0,"100":0,"101":0,"102":0,"103":2,"104":20,"105":20,"106":20,"107":2,"108":0,"109":0,"110":2,"111":0,"112":2,"113":2,"114":20,"115":0,"116":0,"117":2,"118":0,"119":2,"120":0,"121":2,"122":2,"123":1},"f":{"0":2,"1":6,"2":2,"3":2,"4":0,"5":2,"6":2,"7":0,"8":0,"9":0,"10":2,"11":1,"12":20,"13":0,"14":0,"15":0,"16":2,"17":20,"18":0,"19":0},"b":{"0":[0,0],"1":[0,0],"2":[0,2],"3":[2,0],"4":[2,0],"5":[0,2],"6":[0,0],"7":[0,0],"8":[0,2],"9":[0,0],"10":[0,2],"11":[0,2],"12":[0,1],"13":[0,0],"14":[0,2],"15":[0,2]},"inputSourceMap":null,"_coverageSchema":"1a1c01bbd47fc00a2c39e90264f33305004495a9","hash":"61162f633dd19dbd8d0c6b81ded735f7dc8f2001"}
,"/Users/salemduy/Documents/workspace/VSeeCodingChallenge/src/screens/ReadFullScreen.js": {"path":"/Users/salemduy/Documents/workspace/VSeeCodingChallenge/src/screens/ReadFullScreen.js","statementMap":{"0":{"start":{"line":1,"column":42},"end":{"line":1,"column":97}},"1":{"start":{"line":1,"column":98},"end":{"line":1,"column":160}},"2":{"start":{"line":1,"column":160},"end":{"line":1,"column":192}},"3":{"start":{"line":1,"column":205},"end":{"line":1,"column":245}},"4":{"start":{"line":2,"column":19},"end":{"line":2,"column":42}},"5":{"start":{"line":10,"column":26},"end":{"line":10,"column":57}},"6":{"start":{"line":11,"column":16},"end":{"line":11,"column":73}},"7":{"start":{"line":11,"column":86},"end":{"line":11,"column":90}},"8":{"start":{"line":11,"column":106},"end":{"line":11,"column":193}},"9":{"start":{"line":13,"column":21},"end":{"line":41,"column":1}},"10":{"start":{"line":13,"column":69},"end":{"line":13,"column":84}},"11":{"start":{"line":14,"column":13},"end":{"line":14,"column":41}},"12":{"start":{"line":15,"column":14},"end":{"line":15,"column":43}},"13":{"start":{"line":17,"column":21},"end":{"line":19,"column":3}},"14":{"start":{"line":18,"column":4},"end":{"line":18,"column":24}},"15":{"start":{"line":21,"column":2},"end":{"line":38,"column":192}},"16":{"start":{"line":29,"column":118},"end":{"line":29,"column":140}},"17":{"start":{"line":41,"column":2},"end":{"line":41,"column":42}},"18":{"start":{"line":43,"column":13},"end":{"line":69,"column":29}}},"fnMap":{"0":{"name":"ReadFullScreen","decl":{"start":{"line":13,"column":30},"end":{"line":13,"column":44}},"loc":{"start":{"line":13,"column":51},"end":{"line":41,"column":1}},"line":13},"1":{"name":"navigateBack","decl":{"start":{"line":17,"column":30},"end":{"line":17,"column":42}},"loc":{"start":{"line":17,"column":45},"end":{"line":19,"column":3}},"line":17},"2":{"name":"onPress","decl":{"start":{"line":29,"column":107},"end":{"line":29,"column":114}},"loc":{"start":{"line":29,"column":117},"end":{"line":29,"column":141}},"line":29}},"branchMap":{},"s":{"0":1,"1":1,"2":1,"3":1,"4":1,"5":1,"6":1,"7":1,"8":1,"9":1,"10":0,"11":0,"12":0,"13":0,"14":0,"15":0,"16":0,"17":1,"18":1},"f":{"0":0,"1":0,"2":0},"b":{},"inputSourceMap":null,"_coverageSchema":"1a1c01bbd47fc00a2c39e90264f33305004495a9","hash":"8e556318f90ef50c9d35bf62af158e1234d0963b"}
}
