TN:
SF:src/actions/api.actions.js
FN:4,getNews
FN:12,getNewsError
FNF:2
FNH:1
FNDA:2,getNews
FNDA:0,getNewsError
DA:1,1
DA:5,2
DA:13,0
LF:3
LH:2
BRF:0
BRH:0
end_of_record
TN:
SF:src/actions/index.js
FN:1,ownKeys
FN:1,(anonymous_1)
FN:1,_objectSpread
FN:1,(anonymous_3)
FN:1,(anonymous_4)
FNF:5
FNH:3
FNDA:1,ownKeys
FNDA:0,(anonymous_1)
FNDA:1,_objectSpread
FNDA:2,(anonymous_3)
FNDA:0,(anonymous_4)
DA:1,2
DA:3,1
LF:2
LH:2
BRDA:1,0,0,1
BRDA:1,0,1,0
BRDA:1,1,0,1
BRDA:1,1,1,0
BRDA:1,2,0,1
BRDA:1,2,1,0
BRDA:1,3,0,1
BRDA:1,3,1,0
BRDA:1,4,0,0
BRDA:1,4,1,0
BRF:10
BRH:4
end_of_record
TN:
SF:src/actions/types.js
FNF:0
FNH:0
DA:1,1
DA:2,1
LF:2
LH:2
BRF:0
BRH:0
end_of_record
TN:
SF:src/components/BackIcon.js
FN:4,BackIcon
FNF:1
FNH:0
FNDA:0,BackIcon
DA:1,1
DA:2,1
DA:4,0
DA:5,0
LF:4
LH:2
BRF:0
BRH:0
end_of_record
TN:
SF:src/components/NewsRow.js
FN:15,NewRows
FN:16,viewDetails
FN:30,onPress
FNF:3
FNH:3
FNDA:20,NewRows
FNDA:1,viewDetails
FNDA:1,onPress
DA:1,1
DA:2,1
DA:12,1
DA:13,1
DA:15,20
DA:16,20
DA:17,1
DA:23,20
DA:29,20
DA:30,1
LF:10
LH:10
BRDA:23,0,0,20
BRDA:23,0,1,0
BRDA:23,1,0,20
BRDA:23,1,1,20
BRDA:23,1,2,20
BRDA:43,2,0,20
BRDA:43,2,1,0
BRF:7
BRH:5
end_of_record
TN:
SF:src/constants/Strings.js
FNF:0
FNH:0
DA:1,1
DA:4,1
LF:2
LH:2
BRF:0
BRH:0
end_of_record
TN:
SF:src/navigator/RootNavigator.js
FN:10,RootNavigator
FNF:1
FNH:1
FNDA:2,RootNavigator
DA:1,1
DA:2,1
DA:3,1
DA:4,1
DA:5,1
DA:6,1
DA:8,1
DA:11,2
LF:8
LH:8
BRF:0
BRH:0
end_of_record
TN:
SF:src/repo/db.js
FN:1,getLocalNews
FN:4,(anonymous_1)
FN:18,storeNews
FN:19,(anonymous_3)
FN:22,(anonymous_4)
FNF:5
FNH:2
FNDA:2,getLocalNews
FNDA:40,(anonymous_1)
FNDA:0,storeNews
FNDA:0,(anonymous_3)
FNDA:0,(anonymous_4)
DA:1,1
DA:2,2
DA:3,2
DA:4,2
DA:5,40
DA:6,40
DA:15,2
DA:16,1
DA:18,1
DA:19,0
DA:20,0
DA:21,0
DA:22,0
DA:23,0
DA:26,1
LF:15
LH:10
BRF:0
BRH:0
end_of_record
TN:
SF:src/repo/network.js
FN:3,getNews
FN:9,(anonymous_1)
FN:10,(anonymous_2)
FN:17,(anonymous_3)
FNF:4
FNH:0
FNDA:0,getNews
FNDA:0,(anonymous_1)
FNDA:0,(anonymous_2)
FNDA:0,(anonymous_3)
DA:1,1
DA:3,1
DA:5,0
DA:7,0
DA:9,0
DA:11,0
DA:12,0
DA:14,0
DA:18,0
DA:20,1
LF:10
LH:3
BRDA:11,0,0,0
BRDA:11,0,1,0
BRF:2
BRH:0
end_of_record
TN:
SF:src/repo/realm.js
FN:3,_createSuper
FN:3,_createSuperInternal
FN:3,_isNativeReflectConstruct
FN:3,(anonymous_3)
FN:5,(anonymous_4)
FN:5,Article
FNF:6
FNH:3
FNDA:1,_createSuper
FNDA:0,_createSuperInternal
FNDA:1,_isNativeReflectConstruct
FNDA:0,(anonymous_3)
FNDA:1,(anonymous_4)
FNDA:0,Article
DA:1,1
DA:3,1
DA:5,1
DA:6,1
DA:18,1
LF:5
LH:5
BRDA:3,0,0,0
BRDA:3,0,1,0
BRDA:3,1,0,0
BRDA:3,1,1,1
BRDA:3,2,0,1
BRDA:3,2,1,1
BRDA:3,3,0,0
BRDA:3,3,1,1
BRDA:3,4,0,1
BRDA:3,4,1,0
BRF:10
BRH:5
end_of_record
TN:
SF:src/screens/DetailScreen.js
FN:15,NewsDetailScreen
FN:21,openWebView
FN:43,renderBackground
FN:57,renderFixedHeader
FN:61,onPress
FN:68,renderForeground
FN:88,onPress
FNF:7
FNH:1
FNDA:1,NewsDetailScreen
FNDA:0,openWebView
FNDA:0,renderBackground
FNDA:0,renderFixedHeader
FNDA:0,onPress
FNDA:0,renderForeground
FNDA:0,onPress
DA:1,1
DA:2,1
DA:10,1
DA:11,1
DA:12,1
DA:13,1
DA:15,1
DA:16,1
DA:17,0
DA:18,0
DA:21,0
DA:22,0
DA:27,0
DA:36,0
DA:43,0
DA:57,0
DA:62,0
DA:68,0
DA:88,0
DA:93,1
DA:95,1
LF:21
LH:10
BRDA:27,0,0,0
BRDA:27,0,1,0
BRDA:27,1,0,0
BRDA:27,1,1,0
BRDA:27,1,2,0
BRDA:48,2,0,0
BRDA:48,2,1,0
BRDA:72,3,0,0
BRDA:72,3,1,0
BRDA:74,4,0,0
BRDA:74,4,1,0
BRDA:76,5,0,0
BRDA:76,5,1,0
BRDA:79,6,0,0
BRDA:79,6,1,0
BRDA:112,7,0,0
BRDA:112,7,1,1
BRF:17
BRH:1
end_of_record
TN:
SF:src/screens/MainScreen.js
FN:22,MainScreen
FN:39,(anonymous_1)
FN:42,(anonymous_2)
FN:47,(anonymous_3)
FN:52,_handleAppStateChange
FN:60,(anonymous_5)
FN:66,getNews
FN:72,(anonymous_7)
FN:108,fetchFromNetwork
FN:109,(anonymous_9)
FN:123,renderFooter
FN:143,handleLoadMore
FN:153,renderItem
FN:157,renderErrorView
FN:170,onPress
FN:175,renderLoadingView
FN:183,renderListView
FN:196,keyExtractor
FN:198,onRefresh
FN:199,onMomentumScrollBegin
FNF:20
FNH:11
FNDA:2,MainScreen
FNDA:6,(anonymous_1)
FNDA:2,(anonymous_2)
FNDA:2,(anonymous_3)
FNDA:0,_handleAppStateChange
FNDA:2,(anonymous_5)
FNDA:2,getNews
FNDA:0,(anonymous_7)
FNDA:0,fetchFromNetwork
FNDA:0,(anonymous_9)
FNDA:2,renderFooter
FNDA:1,handleLoadMore
FNDA:20,renderItem
FNDA:0,renderErrorView
FNDA:0,onPress
FNDA:0,renderLoadingView
FNDA:2,renderListView
FNDA:20,keyExtractor
FNDA:0,onRefresh
FNDA:0,onMomentumScrollBegin
DA:1,1
DA:2,1
DA:12,1
DA:13,1
DA:14,1
DA:15,1
DA:16,1
DA:17,1
DA:18,1
DA:20,1
DA:22,2
DA:23,2
DA:25,2
DA:26,2
DA:27,2
DA:28,2
DA:34,2
DA:36,2
DA:39,6
DA:40,2
DA:42,2
DA:44,2
DA:46,2
DA:47,2
DA:48,2
DA:52,2
DA:53,0
DA:54,0
DA:56,0
DA:60,2
DA:61,2
DA:62,0
DA:66,2
DA:69,2
DA:70,2
DA:71,0
DA:72,0
DA:73,0
DA:74,0
DA:75,0
DA:76,0
DA:77,0
DA:78,0
DA:80,0
DA:81,0
DA:83,0
DA:84,0
DA:89,2
DA:92,2
DA:93,0
DA:95,2
DA:101,0
DA:102,0
DA:103,0
DA:104,0
DA:108,2
DA:109,0
DA:110,0
DA:111,0
DA:112,0
DA:113,0
DA:114,0
DA:116,0
DA:117,0
DA:123,2
DA:124,2
DA:125,0
DA:131,2
DA:132,0
DA:138,2
DA:143,2
DA:144,1
DA:145,0
DA:146,0
DA:147,0
DA:149,0
DA:153,20
DA:154,20
DA:157,2
DA:158,0
DA:170,0
DA:175,2
DA:176,0
DA:183,2
DA:184,2
DA:196,20
DA:198,0
DA:200,0
DA:211,2
DA:212,0
DA:213,2
DA:214,0
DA:216,2
DA:219,2
DA:235,1
LF:95
LH:53
BRDA:53,0,0,0
BRDA:53,0,1,0
BRDA:53,1,0,0
BRDA:53,1,1,0
BRDA:61,2,0,0
BRDA:61,2,1,2
BRDA:61,3,0,2
BRDA:61,3,1,0
BRDA:69,4,0,2
BRDA:69,4,1,0
BRDA:70,5,0,0
BRDA:70,5,1,2
BRDA:76,6,0,0
BRDA:76,6,1,0
BRDA:80,7,0,0
BRDA:80,7,1,0
BRDA:92,8,0,0
BRDA:92,8,1,2
BRDA:112,9,0,0
BRDA:112,9,1,0
BRDA:124,10,0,0
BRDA:124,10,1,2
BRDA:131,11,0,0
BRDA:131,11,1,2
BRDA:144,12,0,0
BRDA:144,12,1,1
BRDA:145,13,0,0
BRDA:145,13,1,0
BRDA:211,14,0,0
BRDA:211,14,1,2
BRDA:213,15,0,0
BRDA:213,15,1,2
BRF:32
BRH:10
end_of_record
TN:
SF:src/screens/ReadFullScreen.js
FN:13,ReadFullScreen
FN:17,navigateBack
FN:29,onPress
FNF:3
FNH:0
FNDA:0,ReadFullScreen
FNDA:0,navigateBack
FNDA:0,onPress
DA:1,1
DA:2,1
DA:10,1
DA:11,1
DA:13,1
DA:14,0
DA:15,0
DA:17,0
DA:18,0
DA:21,0
DA:29,0
DA:41,1
DA:43,1
LF:13
LH:7
BRF:0
BRH:0
end_of_record
